# JRE version: OpenJDK Runtime Environment (8.0_152-b02) (build 1.8.0_152-release-1024-b02)
# Java VM: OpenJDK 64-Bit Server VM (25.152-b02 mixed mode windows-amd64 compressed oops)
Heap:
 PSYoungGen      total 399360K, used 232701K [0x00000000e0000000, 0x00000000f9e80000, 0x0000000100000000)
  eden space 382464K, 59% used [0x00000000e0000000,0x00000000edc954c0,0x00000000f7580000)
  from space 16896K, 40% used [0x00000000f8e00000,0x00000000f94aa1e0,0x00000000f9e80000)
  to   space 20992K, 0% used [0x00000000f7580000,0x00000000f7580000,0x00000000f8a00000)
 ParOldGen       total 214016K, used 97721K [0x00000000a0000000, 0x00000000ad100000, 0x00000000e0000000)
  object space 214016K, 45% used [0x00000000a0000000,0x00000000a5f6e728,0x00000000ad100000)
 Metaspace       used 87139K, capacity 95448K, committed 95576K, reserved 1132544K
  class space    used 11044K, capacity 12887K, committed 12928K, reserved 1048576K
GC Heap History (10 events):
Event: 5290.943 GC heap before
{Heap before GC invocations=55 (full 3):
 PSYoungGen      total 312832K, used 294232K [0x00000000e0000000, 0x00000000f6600000, 0x0000000100000000)
  eden space 287232K, 99% used [0x00000000e0000000,0x00000000f1837fd0,0x00000000f1880000)
  from space 25600K, 28% used [0x00000000f1880000,0x00000000f1f9e1f0,0x00000000f3180000)
  to   space 25088K, 0% used [0x00000000f4d80000,0x00000000f4d80000,0x00000000f6600000)
 ParOldGen       total 214016K, used 96616K [0x00000000a0000000, 0x00000000ad100000, 0x00000000e0000000)
  object space 214016K, 45% used [0x00000000a0000000,0x00000000a5e5a2a8,0x00000000ad100000)
 Metaspace       used 86903K, capacity 94960K, committed 95192K, reserved 1132544K
  class space    used 11009K, capacity 12767K, committed 12800K, reserved 1048576K
Event: 5290.951 GC heap after
Heap after GC invocations=55 (full 3):
 PSYoungGen      total 330240K, used 8207K [0x00000000e0000000, 0x00000000f5f80000, 0x0000000100000000)
  eden space 311808K, 0% used [0x00000000e0000000,0x00000000e0000000,0x00000000f3080000)
  from space 18432K, 44% used [0x00000000f4d80000,0x00000000f5583f98,0x00000000f5f80000)
  to   space 24064K, 0% used [0x00000000f3080000,0x00000000f3080000,0x00000000f4800000)
 ParOldGen       total 214016K, used 96624K [0x00000000a0000000, 0x00000000ad100000, 0x00000000e0000000)
  object space 214016K, 45% used [0x00000000a0000000,0x00000000a5e5c2a8,0x00000000ad100000)
 Metaspace       used 86903K, capacity 94960K, committed 95192K, reserved 1132544K
  class space    used 11009K, capacity 12767K, committed 12800K, reserved 1048576K
}
Event: 5291.013 GC heap before
{Heap before GC invocations=56 (full 3):
 PSYoungGen      total 330240K, used 319886K [0x00000000e0000000, 0x00000000f5f80000, 0x0000000100000000)
  eden space 311808K, 99% used [0x00000000e0000000,0x00000000f305fc48,0x00000000f3080000)
  from space 18432K, 44% used [0x00000000f4d80000,0x00000000f5583f98,0x00000000f5f80000)
  to   space 24064K, 0% used [0x00000000f3080000,0x00000000f3080000,0x00000000f4800000)
 ParOldGen       total 214016K, used 96624K [0x00000000a0000000, 0x00000000ad100000, 0x00000000e0000000)
  object space 214016K, 45% used [0x00000000a0000000,0x00000000a5e5c2a8,0x00000000ad100000)
 Metaspace       used 86903K, capacity 94960K, committed 95192K, reserved 1132544K
  class space    used 11009K, capacity 12767K, committed 12800K, reserved 1048576K
Event: 5291.018 GC heap after
Heap after GC invocations=56 (full 3):
 PSYoungGen      total 335872K, used 6950K [0x00000000e0000000, 0x00000000f8780000, 0x0000000100000000)
  eden space 311808K, 0% used [0x00000000e0000000,0x00000000e0000000,0x00000000f3080000)
  from space 24064K, 28% used [0x00000000f3080000,0x00000000f3749ab0,0x00000000f4800000)
  to   space 23552K, 0% used [0x00000000f7080000,0x00000000f7080000,0x00000000f8780000)
 ParOldGen       total 214016K, used 96624K [0x00000000a0000000, 0x00000000ad100000, 0x00000000e0000000)
  object space 214016K, 45% used [0x00000000a0000000,0x00000000a5e5c2a8,0x00000000ad100000)
 Metaspace       used 86903K, capacity 94960K, committed 95192K, reserved 1132544K
  class space    used 11009K, capacity 12767K, committed 12800K, reserved 1048576K
}
Event: 5387.858 GC heap before
{Heap before GC invocations=57 (full 3):
 PSYoungGen      total 335872K, used 318354K [0x00000000e0000000, 0x00000000f8780000, 0x0000000100000000)
  eden space 311808K, 99% used [0x00000000e0000000,0x00000000f301b0b0,0x00000000f3080000)
  from space 24064K, 28% used [0x00000000f3080000,0x00000000f3749ab0,0x00000000f4800000)
  to   space 23552K, 0% used [0x00000000f7080000,0x00000000f7080000,0x00000000f8780000)
 ParOldGen       total 214016K, used 96624K [0x00000000a0000000, 0x00000000ad100000, 0x00000000e0000000)
  object space 214016K, 45% used [0x00000000a0000000,0x00000000a5e5c2a8,0x00000000ad100000)
 Metaspace       used 86971K, capacity 95080K, committed 95320K, reserved 1132544K
  class space    used 11020K, capacity 12807K, committed 12928K, reserved 1048576K
Event: 5387.865 GC heap after
Heap after GC invocations=57 (full 3):
 PSYoungGen      total 366080K, used 7480K [0x00000000e0000000, 0x00000000f8100000, 0x0000000100000000)
  eden space 349184K, 0% used [0x00000000e0000000,0x00000000e0000000,0x00000000f5500000)
  from space 16896K, 44% used [0x00000000f7080000,0x00000000f77ce090,0x00000000f8100000)
  to   space 22528K, 0% used [0x00000000f5500000,0x00000000f5500000,0x00000000f6b00000)
 ParOldGen       total 214016K, used 97489K [0x00000000a0000000, 0x00000000ad100000, 0x00000000e0000000)
  object space 214016K, 45% used [0x00000000a0000000,0x00000000a5f34728,0x00000000ad100000)
 Metaspace       used 86971K, capacity 95080K, committed 95320K, reserved 1132544K
  class space    used 11020K, capacity 12807K, committed 12928K, reserved 1048576K
}
Event: 5408.369 GC heap before
{Heap before GC invocations=58 (full 3):
 PSYoungGen      total 366080K, used 356664K [0x00000000e0000000, 0x00000000f8100000, 0x0000000100000000)
  eden space 349184K, 100% used [0x00000000e0000000,0x00000000f5500000,0x00000000f5500000)
  from space 16896K, 44% used [0x00000000f7080000,0x00000000f77ce090,0x00000000f8100000)
  to   space 22528K, 0% used [0x00000000f5500000,0x00000000f5500000,0x00000000f6b00000)
 ParOldGen       total 214016K, used 97489K [0x00000000a0000000, 0x00000000ad100000, 0x00000000e0000000)
  object space 214016K, 45% used [0x00000000a0000000,0x00000000a5f34728,0x00000000ad100000)
 Metaspace       used 87050K, capacity 95200K, committed 95320K, reserved 1132544K
  class space    used 11033K, capacity 12847K, committed 12928K, reserved 1048576K
Event: 5408.376 GC heap after
Heap after GC invocations=58 (full 3):
 PSYoungGen      total 371712K, used 7060K [0x00000000e0000000, 0x00000000fa300000, 0x0000000100000000)
  eden space 349184K, 0% used [0x00000000e0000000,0x00000000e0000000,0x00000000f5500000)
  from space 22528K, 31% used [0x00000000f5500000,0x00000000f5be53d8,0x00000000f6b00000)
  to   space 21504K, 0% used [0x00000000f8e00000,0x00000000f8e00000,0x00000000fa300000)
 ParOldGen       total 214016K, used 97673K [0x00000000a0000000, 0x00000000ad100000, 0x00000000e0000000)
  object space 214016K, 45% used [0x00000000a0000000,0x00000000a5f62728,0x00000000ad100000)
 Metaspace       used 87050K, capacity 95200K, committed 95320K, reserved 1132544K
  class space    used 11033K, capacity 12847K, committed 12928K, reserved 1048576K
}
Event: 5409.674 GC heap before
{Heap before GC invocations=59 (full 3):
 PSYoungGen      total 371712K, used 355779K [0x00000000e0000000, 0x00000000fa300000, 0x0000000100000000)
  eden space 349184K, 99% used [0x00000000e0000000,0x00000000f548ba50,0x00000000f5500000)
  from space 22528K, 31% used [0x00000000f5500000,0x00000000f5be53d8,0x00000000f6b00000)
  to   space 21504K, 0% used [0x00000000f8e00000,0x00000000f8e00000,0x00000000fa300000)
 ParOldGen       total 214016K, used 97673K [0x00000000a0000000, 0x00000000ad100000, 0x00000000e0000000)
  object space 214016K, 45% used [0x00000000a0000000,0x00000000a5f62728,0x00000000ad100000)
 Metaspace       used 87072K, capacity 95264K, committed 95576K, reserved 1132544K
  class space    used 11033K, capacity 12847K, committed 12928K, reserved 1048576K
Event: 5409.680 GC heap after
Heap after GC invocations=59 (full 3):
 PSYoungGen      total 399360K, used 6824K [0x00000000e0000000, 0x00000000f9e80000, 0x0000000100000000)
  eden space 382464K, 0% used [0x00000000e0000000,0x00000000e0000000,0x00000000f7580000)
  from space 16896K, 40% used [0x00000000f8e00000,0x00000000f94aa1e0,0x00000000f9e80000)
  to   space 20992K, 0% used [0x00000000f7580000,0x00000000f7580000,0x00000000f8a00000)
 ParOldGen       total 214016K, used 97721K [0x00000000a0000000, 0x00000000ad100000, 0x00000000e0000000)
  object space 214016K, 45% used [0x00000000a0000000,0x00000000a5f6e728,0x00000000ad100000)
 Metaspace       used 87072K, capacity 95264K, committed 95576K, reserved 1132544K
  class space    used 11033K, capacity 12847K, committed 12928K, reserved 1048576K
}

